{"/home/gildev/Desktop/nodedev/clean-node-api/src/presentation/controllers/signup.ts": {"path":"/home/gildev/Desktop/nodedev/clean-node-api/src/presentation/controllers/signup.ts","all":false,"statementMap":{"0":{"start":{"line":1,"column":0},"end":{"line":1,"column":64}},"1":{"start":{"line":2,"column":0},"end":{"line":2,"column":84}},"2":{"start":{"line":3,"column":0},"end":{"line":3,"column":64}},"3":{"start":{"line":4,"column":0},"end":{"line":4,"column":0}},"4":{"start":{"line":5,"column":0},"end":{"line":5,"column":53}},"5":{"start":{"line":6,"column":0},"end":{"line":6,"column":49}},"6":{"start":{"line":7,"column":0},"end":{"line":7,"column":0}},"7":{"start":{"line":8,"column":0},"end":{"line":8,"column":48}},"8":{"start":{"line":9,"column":0},"end":{"line":9,"column":40}},"9":{"start":{"line":10,"column":0},"end":{"line":10,"column":3}},"10":{"start":{"line":11,"column":0},"end":{"line":11,"column":0}},"11":{"start":{"line":12,"column":0},"end":{"line":12,"column":51}},"12":{"start":{"line":13,"column":0},"end":{"line":13,"column":9}},"13":{"start":{"line":14,"column":0},"end":{"line":14,"column":82}},"14":{"start":{"line":15,"column":0},"end":{"line":15,"column":43}},"15":{"start":{"line":16,"column":0},"end":{"line":16,"column":39}},"16":{"start":{"line":17,"column":0},"end":{"line":17,"column":57}},"17":{"start":{"line":18,"column":0},"end":{"line":18,"column":9}},"18":{"start":{"line":19,"column":0},"end":{"line":19,"column":7}},"19":{"start":{"line":20,"column":0},"end":{"line":20,"column":73}},"20":{"start":{"line":21,"column":0},"end":{"line":21,"column":21}},"21":{"start":{"line":22,"column":0},"end":{"line":22,"column":57}},"22":{"start":{"line":23,"column":0},"end":{"line":23,"column":7}},"23":{"start":{"line":24,"column":0},"end":{"line":24,"column":21}},"24":{"start":{"line":25,"column":0},"end":{"line":25,"column":26}},"25":{"start":{"line":26,"column":0},"end":{"line":26,"column":5}},"26":{"start":{"line":27,"column":0},"end":{"line":27,"column":3}},"27":{"start":{"line":28,"column":0},"end":{"line":28,"column":1}}},"s":{"0":1,"1":1,"2":1,"3":1,"4":1,"5":1,"6":1,"7":1,"8":7,"9":7,"10":1,"11":1,"12":7,"13":7,"14":7,"15":22,"16":4,"17":4,"18":22,"19":3,"20":7,"21":1,"22":1,"23":7,"24":1,"25":1,"26":7,"27":1},"branchMap":{"0":{"type":"branch","line":8,"loc":{"start":{"line":8,"column":2},"end":{"line":10,"column":3}},"locations":[{"start":{"line":8,"column":2},"end":{"line":10,"column":3}}]},"1":{"type":"branch","line":12,"loc":{"start":{"line":12,"column":2},"end":{"line":27,"column":3}},"locations":[{"start":{"line":12,"column":2},"end":{"line":27,"column":3}}]},"2":{"type":"branch","line":15,"loc":{"start":{"line":15,"column":42},"end":{"line":19,"column":7}},"locations":[{"start":{"line":15,"column":42},"end":{"line":19,"column":7}}]},"3":{"type":"branch","line":16,"loc":{"start":{"line":16,"column":38},"end":{"line":18,"column":9}},"locations":[{"start":{"line":16,"column":38},"end":{"line":18,"column":9}}]},"4":{"type":"branch","line":20,"loc":{"start":{"line":20,"column":-1},"end":{"line":21,"column":10}},"locations":[{"start":{"line":20,"column":-1},"end":{"line":21,"column":10}}]},"5":{"type":"branch","line":21,"loc":{"start":{"line":21,"column":20},"end":{"line":23,"column":7}},"locations":[{"start":{"line":21,"column":20},"end":{"line":23,"column":7}}]},"6":{"type":"branch","line":24,"loc":{"start":{"line":24,"column":6},"end":{"line":26,"column":5}},"locations":[{"start":{"line":24,"column":6},"end":{"line":26,"column":5}}]}},"b":{"0":[7],"1":[7],"2":[22],"3":[4],"4":[3],"5":[1],"6":[1]},"fnMap":{"0":{"name":"SignUpController","decl":{"start":{"line":8,"column":2},"end":{"line":10,"column":3}},"loc":{"start":{"line":8,"column":2},"end":{"line":10,"column":3}},"line":8},"1":{"name":"handle","decl":{"start":{"line":12,"column":2},"end":{"line":27,"column":3}},"loc":{"start":{"line":12,"column":2},"end":{"line":27,"column":3}},"line":12}},"f":{"0":7,"1":7}}
,"/home/gildev/Desktop/nodedev/clean-node-api/src/presentation/errors/index.ts": {"path":"/home/gildev/Desktop/nodedev/clean-node-api/src/presentation/errors/index.ts","all":false,"statementMap":{"0":{"start":{"line":1,"column":0},"end":{"line":1,"column":37}},"1":{"start":{"line":2,"column":0},"end":{"line":2,"column":37}},"2":{"start":{"line":3,"column":0},"end":{"line":3,"column":31}}},"s":{"0":2,"1":8,"2":1},"branchMap":{"0":{"type":"branch","line":1,"loc":{"start":{"line":1,"column":0},"end":{"line":1,"column":37}},"locations":[{"start":{"line":1,"column":0},"end":{"line":1,"column":37}}]},"1":{"type":"branch","line":1,"loc":{"start":{"line":1,"column":0},"end":{"line":1,"column":37}},"locations":[{"start":{"line":1,"column":0},"end":{"line":1,"column":37}}]},"2":{"type":"branch","line":1,"loc":{"start":{"line":1,"column":0},"end":{"line":1,"column":37}},"locations":[{"start":{"line":1,"column":0},"end":{"line":1,"column":37}}]},"3":{"type":"branch","line":1,"loc":{"start":{"line":1,"column":0},"end":{"line":1,"column":37}},"locations":[{"start":{"line":1,"column":0},"end":{"line":1,"column":37}}]},"4":{"type":"branch","line":1,"loc":{"start":{"line":1,"column":0},"end":{"line":1,"column":37}},"locations":[{"start":{"line":1,"column":0},"end":{"line":1,"column":37}}]},"5":{"type":"branch","line":2,"loc":{"start":{"line":2,"column":0},"end":{"line":2,"column":37}},"locations":[{"start":{"line":2,"column":0},"end":{"line":2,"column":37}}]},"6":{"type":"branch","line":2,"loc":{"start":{"line":2,"column":0},"end":{"line":2,"column":37}},"locations":[{"start":{"line":2,"column":0},"end":{"line":2,"column":37}}]},"7":{"type":"branch","line":2,"loc":{"start":{"line":2,"column":0},"end":{"line":2,"column":37}},"locations":[{"start":{"line":2,"column":0},"end":{"line":2,"column":37}}]},"8":{"type":"branch","line":2,"loc":{"start":{"line":2,"column":0},"end":{"line":2,"column":37}},"locations":[{"start":{"line":2,"column":0},"end":{"line":2,"column":37}}]},"9":{"type":"branch","line":2,"loc":{"start":{"line":2,"column":0},"end":{"line":2,"column":37}},"locations":[{"start":{"line":2,"column":0},"end":{"line":2,"column":37}}]},"10":{"type":"branch","line":3,"loc":{"start":{"line":3,"column":0},"end":{"line":3,"column":31}},"locations":[{"start":{"line":3,"column":0},"end":{"line":3,"column":31}}]},"11":{"type":"branch","line":3,"loc":{"start":{"line":3,"column":0},"end":{"line":3,"column":31}},"locations":[{"start":{"line":3,"column":0},"end":{"line":3,"column":31}}]},"12":{"type":"branch","line":3,"loc":{"start":{"line":3,"column":0},"end":{"line":3,"column":31}},"locations":[{"start":{"line":3,"column":0},"end":{"line":3,"column":31}}]},"13":{"type":"branch","line":3,"loc":{"start":{"line":3,"column":0},"end":{"line":3,"column":31}},"locations":[{"start":{"line":3,"column":0},"end":{"line":3,"column":31}}]},"14":{"type":"branch","line":3,"loc":{"start":{"line":3,"column":0},"end":{"line":3,"column":31}},"locations":[{"start":{"line":3,"column":0},"end":{"line":3,"column":31}}]}},"b":{"0":[1],"1":[0],"2":[0],"3":[0],"4":[2],"5":[1],"6":[0],"7":[0],"8":[0],"9":[8],"10":[1],"11":[0],"12":[0],"13":[0],"14":[1]},"fnMap":{"0":{"name":"get","decl":{"start":{"line":1,"column":0},"end":{"line":1,"column":37}},"loc":{"start":{"line":1,"column":0},"end":{"line":1,"column":37}},"line":1},"1":{"name":"get","decl":{"start":{"line":2,"column":0},"end":{"line":2,"column":37}},"loc":{"start":{"line":2,"column":0},"end":{"line":2,"column":37}},"line":2},"2":{"name":"get","decl":{"start":{"line":3,"column":0},"end":{"line":3,"column":31}},"loc":{"start":{"line":3,"column":0},"end":{"line":3,"column":31}},"line":3}},"f":{"0":2,"1":8,"2":1}}
,"/home/gildev/Desktop/nodedev/clean-node-api/src/presentation/protocols/index.ts": {"path":"/home/gildev/Desktop/nodedev/clean-node-api/src/presentation/protocols/index.ts","all":true,"statementMap":{"0":{"start":{"line":1,"column":0},"end":{"line":1,"column":28}},"1":{"start":{"line":2,"column":0},"end":{"line":2,"column":22}},"2":{"start":{"line":3,"column":0},"end":{"line":3,"column":33}}},"s":{"0":0,"1":0,"2":0},"branchMap":{"0":{"type":"branch","line":1,"loc":{"start":{"line":1,"column":0},"end":{"line":3,"column":33}},"locations":[{"start":{"line":1,"column":0},"end":{"line":3,"column":33}}]}},"b":{"0":[0]},"fnMap":{"0":{"name":"(empty-report)","decl":{"start":{"line":1,"column":0},"end":{"line":3,"column":33}},"loc":{"start":{"line":1,"column":0},"end":{"line":3,"column":33}},"line":1}},"f":{"0":0}}
}
