TN:
SF:src/presentation/controllers/signup.ts
FN:11,SignUpController
FN:15,handle
FNF:2
FNH:2
FNDA:5,SignUpController
FNDA:4,handle
DA:1,1
DA:2,1
DA:3,1
DA:4,1
DA:5,1
DA:6,1
DA:7,1
DA:8,1
DA:9,1
DA:10,1
DA:11,1
DA:12,5
DA:13,5
DA:14,1
DA:15,1
DA:16,4
DA:17,4
DA:18,10
DA:19,3
DA:20,3
DA:21,10
DA:22,4
DA:23,4
DA:24,4
DA:25,4
DA:26,4
DA:27,1
LF:27
LH:27
BRDA:11,0,0,5
BRDA:15,1,0,4
BRDA:17,2,0,10
BRDA:18,3,0,3
BRF:4
BRH:4
end_of_record
TN:
SF:src/presentation/errors/invalid-param-error.ts
FN:2,InvalidParamError
FNF:1
FNH:1
FNDA:2,InvalidParamError
DA:1,1
DA:2,1
DA:3,2
DA:4,2
DA:5,2
DA:6,1
LF:6
LH:6
BRDA:2,0,0,2
BRF:1
BRH:1
end_of_record
TN:
SF:src/presentation/errors/missing-param-error.ts
FN:2,MissingParamError
FNF:1
FNH:1
FNDA:6,MissingParamError
DA:1,1
DA:2,1
DA:3,6
DA:4,6
DA:5,6
DA:6,1
LF:6
LH:6
BRDA:2,0,0,6
BRF:1
BRH:1
end_of_record
TN:
SF:src/presentation/protocols/email-validator.ts
FN:1,(empty-report)
FNF:1
FNH:0
FNDA:0,(empty-report)
DA:1,0
DA:2,0
DA:3,0
LF:3
LH:0
BRDA:1,0,0,0
BRF:1
BRH:0
end_of_record
