TN:
SF:src/domain/models/account.ts
FN:1,(empty-report)
FNF:1
FNH:0
FNDA:0,(empty-report)
DA:1,0
DA:2,0
DA:3,0
DA:4,0
DA:5,0
DA:6,0
LF:6
LH:0
BRDA:1,0,0,0
BRF:1
BRH:0
end_of_record
TN:
SF:src/domain/usecases/add-account.ts
FN:1,(empty-report)
FNF:1
FNH:0
FNDA:0,(empty-report)
DA:1,0
DA:2,0
DA:3,0
DA:4,0
DA:5,0
DA:6,0
DA:7,0
DA:8,0
DA:9,0
DA:10,0
DA:11,0
LF:11
LH:0
BRDA:1,0,0,0
BRF:1
BRH:0
end_of_record
TN:
SF:src/presentation/controllers/signup/signup-protocols.ts
FN:1,(empty-report)
FNF:1
FNH:0
FNDA:0,(empty-report)
DA:1,0
DA:2,0
DA:3,0
DA:4,0
LF:4
LH:0
BRDA:1,0,0,0
BRF:1
BRH:0
end_of_record
TN:
SF:src/presentation/controllers/signup/signup.ts
FN:9,SignUpController
FN:14,handle
FNF:2
FNH:2
FNDA:10,SignUpController
FNDA:10,handle
DA:1,1
DA:2,1
DA:3,1
DA:4,1
DA:5,1
DA:6,1
DA:7,1
DA:8,1
DA:9,1
DA:10,10
DA:11,10
DA:12,10
DA:13,1
DA:14,1
DA:15,10
DA:16,10
DA:17,10
DA:18,34
DA:19,4
DA:20,4
DA:21,34
DA:22,10
DA:23,10
DA:24,1
DA:25,1
DA:26,5
DA:27,10
DA:28,1
DA:29,1
DA:30,10
DA:31,10
DA:32,10
DA:33,10
DA:34,10
DA:35,10
DA:36,2
DA:37,2
DA:38,10
DA:39,1
LF:39
LH:39
BRDA:9,0,0,10
BRDA:14,1,0,10
BRDA:17,2,0,34
BRDA:18,3,0,4
BRDA:23,4,0,1
BRDA:26,5,0,5
BRDA:27,6,0,1
BRDA:35,7,0,2
BRF:8
BRH:8
end_of_record
TN:
SF:src/presentation/errors/index.ts
FN:1,get
FN:2,get
FN:3,get
FNF:3
FNH:3
FNDA:4,get
FNDA:8,get
FNDA:2,get
DA:1,4
DA:2,8
DA:3,2
LF:3
LH:3
BRDA:1,0,0,1
BRDA:1,1,0,0
BRDA:1,2,0,0
BRDA:1,3,0,0
BRDA:1,4,0,4
BRDA:2,5,0,1
BRDA:2,6,0,0
BRDA:2,7,0,0
BRDA:2,8,0,0
BRDA:2,9,0,8
BRDA:3,10,0,1
BRDA:3,11,0,0
BRDA:3,12,0,0
BRDA:3,13,0,0
BRDA:3,14,0,2
BRF:15
BRH:6
end_of_record
TN:
SF:src/presentation/protocols/index.ts
FN:1,(empty-report)
FNF:1
FNH:0
FNDA:0,(empty-report)
DA:1,0
DA:2,0
LF:2
LH:0
BRDA:1,0,0,0
BRF:1
BRH:0
end_of_record
